<?xml version="1.0" encoding="UTF-8"?>
<testng-results ignored="0" total="1" passed="1" failed="0" skipped="0">
  <reporter-output>
  </reporter-output>
  <suite started-at="2024-10-26T14:13:03 IST" name="Suite" finished-at="2024-10-26T14:13:22 IST" duration-ms="18540">
    <groups>
    </groups>
    <test started-at="2024-10-26T14:13:03 IST" name="Test" finished-at="2024-10-26T14:13:22 IST" duration-ms="18540">
      <class name="testCases.TC002_SignIn_To_Account">
        <test-method is-config="true" signature="setup(java.lang.String,java.lang.String)[pri:0, instance:testCases.TC002_SignIn_To_Account@2974f221]" started-at="2024-10-26T14:13:03 IST" name="setup" finished-at="2024-10-26T14:13:10 IST" duration-ms="6564" status="PASS">
          <params>
            <param index="0">
              <value>
                <![CDATA[Windows]]>
              </value>
            </param>
            <param index="1">
              <value>
                <![CDATA[Chrome]]>
              </value>
            </param>
          </params>
          <reporter-output>
          </reporter-output>
        </test-method> <!-- setup -->
        <test-method signature="verifyLogin()[pri:0, instance:testCases.TC002_SignIn_To_Account@2974f221]" started-at="2024-10-26T14:13:10 IST" name="verifyLogin" finished-at="2024-10-26T14:13:21 IST" duration-ms="11467" status="PASS">
          <reporter-output>
          </reporter-output>
        </test-method> <!-- verifyLogin -->
        <test-method is-config="true" signature="tearDown()[pri:0, instance:testCases.TC002_SignIn_To_Account@2974f221]" started-at="2024-10-26T14:13:21 IST" name="tearDown" finished-at="2024-10-26T14:13:22 IST" duration-ms="379" status="PASS">
          <reporter-output>
          </reporter-output>
        </test-method> <!-- tearDown -->
      </class> <!-- testCases.TC002_SignIn_To_Account -->
    </test> <!-- Test -->
  </suite> <!-- Suite -->
</testng-results>
